<?xml version="1.0" encoding="UTF-8"?>
<!-- Generated by org.testng.reporters.JUnitReportReporter -->
<testsuite skipped="0" hostname="hp" name="SeleniumAutomation.EndToEndProject.PerformLogoutTest" tests="3" failures="0" timestamp="2020-05-21T17:50:03 IST" time="24.832" errors="0">
  <testcase name="performLogout" time="11.747" classname="SeleniumAutomation.EndToEndProject.PerformLogoutTest"/>
  <system-out/>
  <testcase name="performLogin" time="5.649" classname="SeleniumAutomation.EndToEndProject.PerformLogoutTest"/>
  <system-out/>
  <testcase name="clickOnLogin" time="7.436" classname="SeleniumAutomation.EndToEndProject.PerformLogoutTest"/>
  <system-out/>
</testsuite> <!-- SeleniumAutomation.EndToEndProject.PerformLogoutTest -->
