<?xml version="1.0" encoding="UTF-8"?>
<!-- Generated by org.testng.reporters.JUnitReportReporter -->
<testsuite skipped="0" hostname="hp" name="SeleniumAutomation.EndToEndProject.PhotographyPageTest" tests="1" failures="0" timestamp="2020-05-21T17:50:03 IST" time="8.508" errors="0">
  <testcase name="navigateToHomePageAndClickLogin" time="8.508" classname="SeleniumAutomation.EndToEndProject.PhotographyPageTest"/>
  <system-out/>
</testsuite> <!-- SeleniumAutomation.EndToEndProject.PhotographyPageTest -->
