<?xml version="1.0" encoding="UTF-8"?>
<!-- Generated by org.testng.reporters.JUnitReportReporter -->
<testsuite hostname="hp" name="SeleniumAutomation.EndToEndProject.LearningWebsiteTest" tests="5" failures="0" timestamp="14 Aug 2020 18:23:59 GMT" time="18.491" errors="0">
  <testcase name="performLogout" time="1.863" classname="SeleniumAutomation.EndToEndProject.LearningWebsiteTest"/>
  <testcase name="performHover" time="2.635" classname="SeleniumAutomation.EndToEndProject.LearningWebsiteTest"/>
  <testcase name="performLogin" time="5.232" classname="SeleniumAutomation.EndToEndProject.LearningWebsiteTest"/>
  <testcase name="navigateToMyCourses" time="4.059" classname="SeleniumAutomation.EndToEndProject.LearningWebsiteTest"/>
  <testcase name="clickOnLogin" time="4.702" classname="SeleniumAutomation.EndToEndProject.LearningWebsiteTest"/>
</testsuite> <!-- SeleniumAutomation.EndToEndProject.LearningWebsiteTest -->
