<?xml version="1.0" encoding="UTF-8"?>
<!-- Generated by org.testng.reporters.JUnitReportReporter -->
<testsuite skipped="0" hostname="hp" name="SeleniumAutomation.EndToEndProject.PerformLoginTest" tests="2" failures="0" timestamp="2020-05-21T17:50:03 IST" time="13.440" errors="0">
  <testcase name="performLogin" time="4.969" classname="SeleniumAutomation.EndToEndProject.PerformLoginTest"/>
  <system-out/>
  <testcase name="clickOnLogin" time="8.471" classname="SeleniumAutomation.EndToEndProject.PerformLoginTest"/>
  <system-out/>
</testsuite> <!-- SeleniumAutomation.EndToEndProject.PerformLoginTest -->
