<?xml version="1.0" encoding="UTF-8"?>
<!-- Generated by org.testng.reporters.JUnitReportReporter -->
<testsuite skipped="0" hostname="hp" name="SeleniumAutomation.EndToEndProject.LearningWebsiteTest" tests="5" failures="0" timestamp="2020-08-15T01:37:50 IST" time="21.453" errors="0">
  <testcase name="clickOnLogin" time="7.131" classname="SeleniumAutomation.EndToEndProject.LearningWebsiteTest"/>
  <system-out/>
  <testcase name="performLogin" time="5.765" classname="SeleniumAutomation.EndToEndProject.LearningWebsiteTest"/>
  <system-out/>
  <testcase name="navigateToMyCourses" time="4.414" classname="SeleniumAutomation.EndToEndProject.LearningWebsiteTest"/>
  <system-out/>
  <testcase name="performHover" time="2.847" classname="SeleniumAutomation.EndToEndProject.LearningWebsiteTest"/>
  <system-out/>
  <testcase name="performLogout" time="1.296" classname="SeleniumAutomation.EndToEndProject.LearningWebsiteTest"/>
  <system-out/>
</testsuite> <!-- SeleniumAutomation.EndToEndProject.LearningWebsiteTest -->
